{
  "RSpec": {
    "coverage": {
      "/Users/kamilkiedrzyn/Desktop/SP Ruby Test/ruby_app/lib/list_pages.rb": {
        "lines": [
          null,
          null,
          1,
          1,
          2,
          2,
          null,
          null,
          1,
          2,
          2,
          null,
          null,
          1,
          null,
          1,
          4,
          null,
          null,
          1,
          2,
          null,
          null
        ]
      },
      "/Users/kamilkiedrzyn/Desktop/SP Ruby Test/ruby_app/lib/file_reader.rb": {
        "lines": [
          null,
          null,
          1,
          null,
          1,
          1,
          4,
          4,
          4,
          null,
          null,
          1,
          3,
          null,
          3,
          3,
          3,
          9,
          null,
          9,
          null,
          null,
          null,
          null,
          3,
          null,
          null
        ]
      },
      "/Users/kamilkiedrzyn/Desktop/SP Ruby Test/ruby_app/lib/logger.rb": {
        "lines": [
          null,
          null,
          1,
          1,
          1,
          3,
          null,
          null,
          1,
          3,
          null,
          null,
          1,
          null,
          1,
          3,
          null,
          null,
          null,
          null,
          null,
          null,
          1,
          3,
          null,
          null,
          null
        ]
      },
      "/Users/kamilkiedrzyn/Desktop/SP Ruby Test/ruby_app/spec/file_reader_spec.rb": {
        "lines": [
          null,
          null,
          1,
          1,
          null,
          1,
          3,
          null,
          1,
          1,
          null,
          null,
          1,
          1,
          null,
          null,
          null,
          null
        ]
      },
      "/Users/kamilkiedrzyn/Desktop/SP Ruby Test/ruby_app/spec/list_pages_spec.rb": {
        "lines": [
          null,
          null,
          1,
          1,
          1,
          null,
          1,
          3,
          null,
          3,
          null,
          1,
          2,
          null,
          1,
          1,
          null,
          null,
          null,
          1,
          2,
          null,
          1,
          1,
          null,
          null,
          null
        ]
      },
      "/Users/kamilkiedrzyn/Desktop/SP Ruby Test/ruby_app/spec/logger_spec.rb": {
        "lines": [
          null,
          null,
          1,
          null,
          1,
          2,
          null,
          1,
          1,
          1,
          null,
          1,
          null,
          null,
          null,
          1,
          1,
          1,
          1,
          null,
          1,
          null,
          null,
          null
        ]
      }
    },
    "timestamp": 1607285772
  }
}
